[09-18 09:28:51] {views.py  :219 } INFO  - Entering Sb3Snap(get)...
[09-18 09:28:51] {views.py  :220 } INFO  - bdb91df3-8f57-4d2d-9285-edb3f54d43dc
[09-18 09:28:51] {views.py  :219 } INFO  - Entering Sb3Snap(get)...
[09-18 09:28:51] {views.py  :220 } INFO  - a2b8b4e2-8941-4bf7-8672-043e5c949315
[09-18 09:28:51] {views.py  :219 } INFO  - Entering Sb3Snap(get)...
[09-18 09:28:51] {views.py  :220 } INFO  - d5323c8d-16e6-4426-8edc-2c0eee1de043
[09-18 09:28:51] {views.py  :219 } INFO  - Entering Sb3Snap(get)...
[09-18 09:28:51] {views.py  :220 } INFO  - b01d34b8-56b6-4533-92f4-babb59024be2
[09-18 09:28:51] {views.py  :219 } INFO  - Entering Sb3Snap(get)...
[09-18 09:28:51] {views.py  :220 } INFO  - 0ad5ed8c-d139-4108-b21e-a9d778d7e39c
[09-18 09:28:51] {views.py  :231 } INFO  - media/sb3snap/d5323c8d16e644268edc2c0eee1de043.png
[09-18 09:28:51] {views.py  :236 } INFO  - Done!
[09-18 09:28:51] {views.py  :231 } INFO  - media/sb3snap/bdb91df38f574d2d9285edb3f54d43dc.png
[09-18 09:28:51] {views.py  :236 } INFO  - Done!
[09-18 09:28:51] {views.py  :231 } INFO  - media/sb3snap/a2b8b4e289414bf78672043e5c949315.png
[09-18 09:28:51] {views.py  :236 } INFO  - Done!
[09-18 09:28:51] {views.py  :231 } INFO  - media/sb3snap/b01d34b856b6453392f4babb59024be2.png
[09-18 09:28:51] {views.py  :236 } INFO  - Done!
[09-18 09:28:51] {views.py  :219 } INFO  - Entering Sb3Snap(get)...
[09-18 09:28:51] {views.py  :220 } INFO  - d582ba4c-58dd-45a3-a859-c9c8282b0ced
[09-18 09:28:51] {views.py  :231 } INFO  - media/sb3snap/0ad5ed8cd1394108b21ea9d778d7e39c.png
[09-18 09:28:51] {views.py  :236 } INFO  - Done!
[09-18 09:28:51] {views.py  :231 } INFO  - media/sb3snap/d582ba4c58dd45a3a859c9c8282b0ced.png
[09-18 09:28:51] {views.py  :236 } INFO  - Done!
[09-18 09:28:51] {views.py  :219 } INFO  - Entering Sb3Snap(get)...
[09-18 09:28:51] {views.py  :220 } INFO  - 12e896a5-c056-4b53-95a0-d8e72cfa910a
[09-18 09:28:51] {views.py  :219 } INFO  - Entering Sb3Snap(get)...
[09-18 09:28:51] {views.py  :220 } INFO  - 1ab4c606-442d-4e30-8478-1576fd8a3139
[09-18 09:28:51] {views.py  :219 } INFO  - Entering Sb3Snap(get)...
[09-18 09:28:51] {views.py  :220 } INFO  - 3444223b-e214-4d55-b594-c3ed8702f876
[09-18 09:28:51] {views.py  :219 } INFO  - Entering Sb3Snap(get)...
[09-18 09:28:51] {views.py  :220 } INFO  - 6bb9dff7-1168-4a24-9f97-0e2962a400f6
[09-18 09:28:51] {views.py  :219 } INFO  - Entering Sb3Snap(get)...
[09-18 09:28:51] {views.py  :220 } INFO  - 7e8797e2-e776-4af1-95c3-21eeafa5cda2
[09-18 09:28:51] {views.py  :231 } INFO  - media/sb3snap/12e896a5c0564b5395a0d8e72cfa910a.png
[09-18 09:28:51] {views.py  :231 } INFO  - media/sb3snap/3444223be2144d55b594c3ed8702f876.png
[09-18 09:28:51] {views.py  :236 } INFO  - Done!
[09-18 09:28:51] {views.py  :236 } INFO  - Done!
[09-18 09:28:51] {views.py  :231 } INFO  - media/sb3snap/1ab4c606442d4e3084781576fd8a3139.png
[09-18 09:28:51] {views.py  :236 } INFO  - Done!
[09-18 09:28:51] {views.py  :231 } INFO  - media/sb3snap/6bb9dff711684a249f970e2962a400f6.png
[09-18 09:28:51] {views.py  :236 } INFO  - Done!
[09-18 09:28:51] {views.py  :231 } INFO  - media/sb3snap/7e8797e2e7764af195c321eeafa5cda2.png
[09-18 09:28:51] {views.py  :236 } INFO  - Done!
[09-18 09:37:00] {views.py  :219 } INFO  - Entering Sb3Snap(get)...
[09-18 09:37:00] {views.py  :220 } INFO  - bdb91df3-8f57-4d2d-9285-edb3f54d43dc
[09-18 09:37:00] {views.py  :231 } INFO  - media/sb3snap/bdb91df38f574d2d9285edb3f54d43dc.png
[09-18 09:37:00] {views.py  :236 } INFO  - Done!
[09-18 09:37:00] {views.py  :219 } INFO  - Entering Sb3Snap(get)...
[09-18 09:37:00] {views.py  :220 } INFO  - d5323c8d-16e6-4426-8edc-2c0eee1de043
[09-18 09:37:00] {views.py  :219 } INFO  - Entering Sb3Snap(get)...
[09-18 09:37:00] {views.py  :219 } INFO  - Entering Sb3Snap(get)...
[09-18 09:37:00] {views.py  :220 } INFO  - a2b8b4e2-8941-4bf7-8672-043e5c949315
[09-18 09:37:00] {views.py  :219 } INFO  - Entering Sb3Snap(get)...
[09-18 09:37:00] {views.py  :220 } INFO  - b01d34b8-56b6-4533-92f4-babb59024be2
[09-18 09:37:00] {views.py  :220 } INFO  - d582ba4c-58dd-45a3-a859-c9c8282b0ced
[09-18 09:37:00] {views.py  :219 } INFO  - Entering Sb3Snap(get)...
[09-18 09:37:00] {views.py  :220 } INFO  - 0ad5ed8c-d139-4108-b21e-a9d778d7e39c
[09-18 09:37:01] {views.py  :231 } INFO  - media/sb3snap/a2b8b4e289414bf78672043e5c949315.png
[09-18 09:37:01] {views.py  :236 } INFO  - Done!
[09-18 09:37:01] {views.py  :231 } INFO  - media/sb3snap/b01d34b856b6453392f4babb59024be2.png
[09-18 09:37:01] {views.py  :231 } INFO  - media/sb3snap/d5323c8d16e644268edc2c0eee1de043.png
[09-18 09:37:01] {views.py  :236 } INFO  - Done!
[09-18 09:37:01] {views.py  :236 } INFO  - Done!
[09-18 09:37:01] {views.py  :231 } INFO  - media/sb3snap/0ad5ed8cd1394108b21ea9d778d7e39c.png
[09-18 09:37:01] {views.py  :236 } INFO  - Done!
[09-18 09:37:01] {views.py  :231 } INFO  - media/sb3snap/d582ba4c58dd45a3a859c9c8282b0ced.png
[09-18 09:37:01] {views.py  :236 } INFO  - Done!
[09-18 09:37:01] {views.py  :219 } INFO  - Entering Sb3Snap(get)...
[09-18 09:37:01] {views.py  :220 } INFO  - 12e896a5-c056-4b53-95a0-d8e72cfa910a
[09-18 09:37:01] {views.py  :231 } INFO  - media/sb3snap/12e896a5c0564b5395a0d8e72cfa910a.png
[09-18 09:37:01] {views.py  :236 } INFO  - Done!
[09-18 09:37:01] {views.py  :219 } INFO  - Entering Sb3Snap(get)...
[09-18 09:37:01] {views.py  :220 } INFO  - 1ab4c606-442d-4e30-8478-1576fd8a3139
[09-18 09:37:01] {views.py  :219 } INFO  - Entering Sb3Snap(get)...
[09-18 09:37:01] {views.py  :220 } INFO  - 3444223b-e214-4d55-b594-c3ed8702f876
[09-18 09:37:01] {views.py  :231 } INFO  - media/sb3snap/1ab4c606442d4e3084781576fd8a3139.png
[09-18 09:37:01] {views.py  :236 } INFO  - Done!
[09-18 09:37:01] {views.py  :231 } INFO  - media/sb3snap/3444223be2144d55b594c3ed8702f876.png
[09-18 09:37:01] {views.py  :236 } INFO  - Done!
[09-18 09:37:01] {views.py  :219 } INFO  - Entering Sb3Snap(get)...
[09-18 09:37:01] {views.py  :220 } INFO  - 6bb9dff7-1168-4a24-9f97-0e2962a400f6
[09-18 09:37:01] {views.py  :219 } INFO  - Entering Sb3Snap(get)...
[09-18 09:37:01] {views.py  :220 } INFO  - 7e8797e2-e776-4af1-95c3-21eeafa5cda2
[09-18 09:37:01] {views.py  :231 } INFO  - media/sb3snap/6bb9dff711684a249f970e2962a400f6.png
[09-18 09:37:01] {views.py  :231 } INFO  - media/sb3snap/7e8797e2e7764af195c321eeafa5cda2.png
[09-18 09:37:01] {views.py  :236 } INFO  - Done!
[09-18 09:37:01] {views.py  :236 } INFO  - Done!
[09-18 09:37:20] {views.py  :188 } INFO  - Entering Sb3Path(get)...
[09-18 09:37:20] {views.py  :189 } INFO  - 12e896a5-c056-4b53-95a0-d8e72cfa910a
[09-18 09:37:20] {views.py  :200 } INFO  - media/sb3file/12e896a5c0564b5395a0d8e72cfa910a
[09-18 09:37:20] {views.py  :209 } INFO  - Done!
[09-18 09:37:46] {views.py  :188 } INFO  - Entering Sb3Path(get)...
[09-18 09:37:46] {views.py  :189 } INFO  - 12e896a5-c056-4b53-95a0-d8e72cfa910a
[09-18 09:37:46] {views.py  :200 } INFO  - media/sb3file/12e896a5c0564b5395a0d8e72cfa910a
[09-18 09:37:46] {views.py  :209 } INFO  - Done!
[09-18 09:37:51] {views.py  :188 } INFO  - Entering Sb3Path(get)...
[09-18 09:37:51] {views.py  :189 } INFO  - 1ab4c606-442d-4e30-8478-1576fd8a3139
[09-18 09:37:51] {views.py  :200 } INFO  - media/sb3file/1ab4c606442d4e3084781576fd8a3139.sb3
[09-18 09:37:51] {views.py  :209 } INFO  - Done!
[09-18 09:37:57] {views.py  :188 } INFO  - Entering Sb3Path(get)...
[09-18 09:37:57] {views.py  :189 } INFO  - 3444223b-e214-4d55-b594-c3ed8702f876
[09-18 09:37:57] {views.py  :200 } INFO  - media/sb3file/3444223be2144d55b594c3ed8702f876.sb3
[09-18 09:37:57] {views.py  :209 } INFO  - Done!
[09-18 09:38:32] {views.py  :219 } INFO  - Entering Sb3Snap(get)...
[09-18 09:38:32] {views.py  :220 } INFO  - d582ba4c-58dd-45a3-a859-c9c8282b0ced
[09-18 09:38:32] {views.py  :219 } INFO  - Entering Sb3Snap(get)...
[09-18 09:38:32] {views.py  :220 } INFO  - b01d34b8-56b6-4533-92f4-babb59024be2
[09-18 09:38:32] {views.py  :219 } INFO  - Entering Sb3Snap(get)...
[09-18 09:38:32] {views.py  :220 } INFO  - a2b8b4e2-8941-4bf7-8672-043e5c949315
[09-18 09:38:32] {views.py  :219 } INFO  - Entering Sb3Snap(get)...
[09-18 09:38:32] {views.py  :220 } INFO  - bdb91df3-8f57-4d2d-9285-edb3f54d43dc
[09-18 09:38:32] {views.py  :231 } INFO  - media/sb3snap/a2b8b4e289414bf78672043e5c949315.png
[09-18 09:38:32] {views.py  :236 } INFO  - Done!
[09-18 09:38:32] {views.py  :231 } INFO  - media/sb3snap/d582ba4c58dd45a3a859c9c8282b0ced.png
[09-18 09:38:32] {views.py  :236 } INFO  - Done!
[09-18 09:38:32] {views.py  :231 } INFO  - media/sb3snap/b01d34b856b6453392f4babb59024be2.png
[09-18 09:38:32] {views.py  :236 } INFO  - Done!
[09-18 09:38:32] {views.py  :219 } INFO  - Entering Sb3Snap(get)...
[09-18 09:38:32] {views.py  :220 } INFO  - 7e8797e2-e776-4af1-95c3-21eeafa5cda2
[09-18 09:38:32] {views.py  :219 } INFO  - Entering Sb3Snap(get)...
[09-18 09:38:32] {views.py  :220 } INFO  - d5323c8d-16e6-4426-8edc-2c0eee1de043
[09-18 09:38:32] {views.py  :231 } INFO  - media/sb3snap/7e8797e2e7764af195c321eeafa5cda2.png
[09-18 09:38:32] {views.py  :231 } INFO  - media/sb3snap/bdb91df38f574d2d9285edb3f54d43dc.png
[09-18 09:38:32] {views.py  :236 } INFO  - Done!
[09-18 09:38:32] {views.py  :236 } INFO  - Done!
[09-18 09:38:32] {views.py  :231 } INFO  - media/sb3snap/d5323c8d16e644268edc2c0eee1de043.png
[09-18 09:38:32] {views.py  :236 } INFO  - Done!
[09-18 09:38:32] {views.py  :219 } INFO  - Entering Sb3Snap(get)...
[09-18 09:38:32] {views.py  :220 } INFO  - 0ad5ed8c-d139-4108-b21e-a9d778d7e39c
[09-18 09:38:32] {views.py  :219 } INFO  - Entering Sb3Snap(get)...
[09-18 09:38:32] {views.py  :220 } INFO  - 12e896a5-c056-4b53-95a0-d8e72cfa910a
[09-18 09:38:32] {views.py  :231 } INFO  - media/sb3snap/0ad5ed8cd1394108b21ea9d778d7e39c.png
[09-18 09:38:32] {views.py  :236 } INFO  - Done!
[09-18 09:38:32] {views.py  :231 } INFO  - media/sb3snap/12e896a5c0564b5395a0d8e72cfa910a.png
[09-18 09:38:32] {views.py  :236 } INFO  - Done!
[09-18 09:38:32] {views.py  :219 } INFO  - Entering Sb3Snap(get)...
[09-18 09:38:32] {views.py  :220 } INFO  - 3444223b-e214-4d55-b594-c3ed8702f876
[09-18 09:38:32] {views.py  :219 } INFO  - Entering Sb3Snap(get)...
[09-18 09:38:32] {views.py  :220 } INFO  - 1ab4c606-442d-4e30-8478-1576fd8a3139
[09-18 09:38:32] {views.py  :231 } INFO  - media/sb3snap/3444223be2144d55b594c3ed8702f876.png
[09-18 09:38:32] {views.py  :236 } INFO  - Done!
[09-18 09:38:32] {views.py  :219 } INFO  - Entering Sb3Snap(get)...
[09-18 09:38:32] {views.py  :220 } INFO  - 6bb9dff7-1168-4a24-9f97-0e2962a400f6
[09-18 09:38:32] {views.py  :231 } INFO  - media/sb3snap/1ab4c606442d4e3084781576fd8a3139.png
[09-18 09:38:32] {views.py  :236 } INFO  - Done!
[09-18 09:38:32] {views.py  :231 } INFO  - media/sb3snap/6bb9dff711684a249f970e2962a400f6.png
[09-18 09:38:32] {views.py  :236 } INFO  - Done!
[09-18 09:48:20] {views.py  :219 } INFO  - Entering Sb3Snap(get)...
[09-18 09:48:20] {views.py  :220 } INFO  - a2b8b4e2-8941-4bf7-8672-043e5c949315
[09-18 09:48:20] {views.py  :219 } INFO  - Entering Sb3Snap(get)...
[09-18 09:48:20] {views.py  :219 } INFO  - Entering Sb3Snap(get)...
[09-18 09:48:20] {views.py  :220 } INFO  - d582ba4c-58dd-45a3-a859-c9c8282b0ced
[09-18 09:48:20] {views.py  :220 } INFO  - d5323c8d-16e6-4426-8edc-2c0eee1de043
[09-18 09:48:20] {views.py  :219 } INFO  - Entering Sb3Snap(get)...
[09-18 09:48:20] {views.py  :220 } INFO  - b01d34b8-56b6-4533-92f4-babb59024be2
[09-18 09:48:20] {views.py  :219 } INFO  - Entering Sb3Snap(get)...
[09-18 09:48:20] {views.py  :220 } INFO  - bdb91df3-8f57-4d2d-9285-edb3f54d43dc
[09-18 09:48:20] {views.py  :219 } INFO  - Entering Sb3Snap(get)...
[09-18 09:48:20] {views.py  :220 } INFO  - 0ad5ed8c-d139-4108-b21e-a9d778d7e39c
[09-18 09:48:20] {views.py  :219 } INFO  - Entering Sb3Snap(get)...
[09-18 09:48:20] {views.py  :220 } INFO  - 3444223b-e214-4d55-b594-c3ed8702f876
[09-18 09:48:20] {views.py  :219 } INFO  - Entering Sb3Snap(get)...
[09-18 09:48:20] {views.py  :220 } INFO  - 1ab4c606-442d-4e30-8478-1576fd8a3139
[09-18 09:48:20] {views.py  :219 } INFO  - Entering Sb3Snap(get)...
[09-18 09:48:20] {views.py  :220 } INFO  - 12e896a5-c056-4b53-95a0-d8e72cfa910a
[09-18 09:48:20] {views.py  :219 } INFO  - Entering Sb3Snap(get)...
[09-18 09:48:20] {views.py  :220 } INFO  - 6bb9dff7-1168-4a24-9f97-0e2962a400f6
[09-18 09:48:21] {views.py  :219 } INFO  - Entering Sb3Snap(get)...
[09-18 09:48:21] {views.py  :220 } INFO  - 7e8797e2-e776-4af1-95c3-21eeafa5cda2
